f21003_2.0	age21003_2_0
f21003_0.0	age21003_0_0
f31	sex31
f52_0_0	birth_monthf52_0_0
21001_0_0	bmi21001_0_0
21001_1_0	bmi21001_1_0
21001_2_0	bmi21001_2_0
f20016_0_0	verbal_numerical_reasoning_f20016_0_0
f20016_1_0	verbal_numerical_reasoning_f20016_1_0
20016_2_0	verbal_numerical_reasoning_f20016_2_0
20191_0.0	verbal_numerical_reasoning_f20191_0_0
6350_2_0	TrailMakingB_6350_2_0
20157_0.0	TrailMakingB_20157_0_0
6373_2_0	Matrix_f6373_2_0
6373_3_0	Matrix_f6373_3_0
21004_2_0	Tower21004_2_0
21004_3_0	Tower21004_3_0
23324_2_0	Symbol_Digit23324_2_0
23324_3_0	Symbol_Digit23324_3_0
20159_0.0	Symbol_Digit20159_0_0
f399_0_1	Pairs_Matchingf399_0_1
f399_0_2	Pairs_Matchingf399_0_2
f399_0_3	Pairs_Matchingf399_0_3
f399_1_1	Pairs_Matchingf399_1_1
f399_1_2	Pairs_Matchingf399_1_2
f399_1_3	Pairs_Matchingf399_1_3
f399_2_1	Pairs_Matchingf399_2_1
f399_2_2	Pairs_Matchingf399_2_2
f399_2_3	Pairs_Matchingf399_2_3
20023_0.0	RT_20023_0_0
20023_1.0	RT_20023_1_0
20023_2.0	RT_20023_2_0
f6138_0_0	edu6138_0_0
f6138_0_1	edu6138_0_1
f6138_0_2	edu6138_0_2
f6138_0_3	edu6138_0_3
f6138_0_4	edu6138_0_4
f6138_0_5	edu6138_0_5
f6138_1_0	edu6138_1_0
f6138_1_1	edu6138_1_1
f6138_1_2	edu6138_1_2
f6138_1_3	edu6138_1_3
f6138_1_4	edu6138_1_4
f6138_1_5	edu6138_1_5
f6138_2_0	edu6138_2_0
f6138_2_1	edu6138_2_1
f6138_2_2	edu6138_2_2
f6138_2_3	edu6138_2_3
f6138_2_4	edu6138_2_4
f6138_2_5	edu6138_2_5
f2887_2_0	cigarettes_dailyf2887_2_0
f2887_1_0	cigarettes_dailyf2887_1_0
f2887_0_0	cigarettes_dailyf2887_0_0
20414_0.0	frequency_alcohol20414_0.0
20406_0.0	former_drinkers20406_0.0
f54_2_0	center_f54_2_0
25756_2.0	x_position_scannerf25756_2_0
25757_2.0	y_position_scannerf25757_2_0
25758_2.0	z_position_scannerf25758_2_0
26500_2.0	T2_FLAIR26500_2.0
f1239_2_0	currentsmokerf1239_2_0
f1239_1_0	currentsmokerf1239_1_0
f1239_0_0	currentsmokerf1239_0_0
f1249_0_0	pastsmokerf1249_0_0
f1249_1_0	pastsmokerf1249_1_0
f1249_2_0	pastsmokerf1249_2_0
f53_0_0	datefirstvisitf53_0_0
f53_1_0	datesecondvisitf53_1_0
f53_2_0	date_neuroimaging53_2_0